

Started GET "/assets/rails.png" for 127.0.0.1 at 2013-02-26 21:26:36 -0800
Connecting to database specified by database.yml


Started GET "/assets/rails.png" for 127.0.0.1 at 2013-02-28 21:08:19 -0800

ActiveRecord::ConnectionNotEstablished (ActiveRecord::ConnectionNotEstablished):
  activerecord (3.2.12) lib/active_record/connection_adapters/abstract/connection_pool.rb:410:in `retrieve_connection'
  activerecord (3.2.12) lib/active_record/connection_adapters/abstract/connection_specification.rb:171:in `retrieve_connection'
  activerecord (3.2.12) lib/active_record/connection_adapters/abstract/connection_specification.rb:145:in `connection'
  activerecord (3.2.12) lib/active_record/query_cache.rb:67:in `rescue in call'
  activerecord (3.2.12) lib/active_record/query_cache.rb:61:in `call'
  activerecord (3.2.12) lib/active_record/connection_adapters/abstract/connection_pool.rb:479:in `call'
  actionpack (3.2.12) lib/action_dispatch/middleware/callbacks.rb:28:in `block in call'
  activesupport (3.2.12) lib/active_support/callbacks.rb:405:in `_run__3639097758537400258__call__1667721013628854998__callbacks'
  activesupport (3.2.12) lib/active_support/callbacks.rb:405:in `__run_callback'
  activesupport (3.2.12) lib/active_support/callbacks.rb:385:in `_run_call_callbacks'
  activesupport (3.2.12) lib/active_support/callbacks.rb:81:in `run_callbacks'
  actionpack (3.2.12) lib/action_dispatch/middleware/callbacks.rb:27:in `call'
  actionpack (3.2.12) lib/action_dispatch/middleware/reloader.rb:65:in `call'
  actionpack (3.2.12) lib/action_dispatch/middleware/remote_ip.rb:31:in `call'
  actionpack (3.2.12) lib/action_dispatch/middleware/debug_exceptions.rb:16:in `call'
  actionpack (3.2.12) lib/action_dispatch/middleware/show_exceptions.rb:56:in `call'
  railties (3.2.12) lib/rails/rack/logger.rb:32:in `call_app'
  railties (3.2.12) lib/rails/rack/logger.rb:16:in `block in call'
  activesupport (3.2.12) lib/active_support/tagged_logging.rb:22:in `tagged'
  railties (3.2.12) lib/rails/rack/logger.rb:16:in `call'
  actionpack (3.2.12) lib/action_dispatch/middleware/request_id.rb:22:in `call'
  rack (1.4.5) lib/rack/methodoverride.rb:21:in `call'
  rack (1.4.5) lib/rack/runtime.rb:17:in `call'
  activesupport (3.2.12) lib/active_support/cache/strategy/local_cache.rb:72:in `call'
  rack (1.4.5) lib/rack/lock.rb:15:in `call'
  actionpack (3.2.12) lib/action_dispatch/middleware/static.rb:62:in `call'
  railties (3.2.12) lib/rails/engine.rb:479:in `call'
  railties (3.2.12) lib/rails/application.rb:223:in `call'
  rack (1.4.5) lib/rack/content_length.rb:14:in `call'
  railties (3.2.12) lib/rails/rack/log_tailer.rb:17:in `call'
  rack (1.4.5) lib/rack/handler/webrick.rb:59:in `service'
  /Users/jacksonbroshear/.rvm/rubies/ruby-1.9.3-p327/lib/ruby/1.9.1/webrick/httpserver.rb:138:in `service'
  /Users/jacksonbroshear/.rvm/rubies/ruby-1.9.3-p327/lib/ruby/1.9.1/webrick/httpserver.rb:94:in `run'
  /Users/jacksonbroshear/.rvm/rubies/ruby-1.9.3-p327/lib/ruby/1.9.1/webrick/server.rb:191:in `block in start_thread'


  Rendered /Users/jacksonbroshear/.rvm/gems/ruby-1.9.3-p327@peer/gems/actionpack-3.2.12/lib/action_dispatch/middleware/templates/rescues/_trace.erb (1.1ms)
  Rendered /Users/jacksonbroshear/.rvm/gems/ruby-1.9.3-p327@peer/gems/actionpack-3.2.12/lib/action_dispatch/middleware/templates/rescues/_request_and_response.erb (2.2ms)
  Rendered /Users/jacksonbroshear/.rvm/gems/ruby-1.9.3-p327@peer/gems/actionpack-3.2.12/lib/action_dispatch/middleware/templates/rescues/diagnostics.erb within rescues/layout (27.3ms)
Connecting to database specified by database.yml
Connecting to database specified by database.yml
  [1m[36m (45.0ms)[0m  [1mCREATE TABLE "schema_migrations" ("version" character varying(255) NOT NULL) [0m
  [1m[35m (3.4ms)[0m  CREATE UNIQUE INDEX "unique_schema_migrations" ON "schema_migrations" ("version")
  [1m[36m (0.5ms)[0m  [1mSELECT "schema_migrations"."version" FROM "schema_migrations" [0m
Migrating to DeviseCreateUsers (20130301052137)
  [1m[35m (0.1ms)[0m  BEGIN
  [1m[36m (15.4ms)[0m  [1mCREATE TABLE "users" ("id" serial primary key, "email" character varying(255) DEFAULT '' NOT NULL, "encrypted_password" character varying(255) DEFAULT '' NOT NULL, "reset_password_token" character varying(255), "reset_password_sent_at" timestamp, "remember_created_at" timestamp, "sign_in_count" integer DEFAULT 0, "current_sign_in_at" timestamp, "last_sign_in_at" timestamp, "current_sign_in_ip" character varying(255), "last_sign_in_ip" character varying(255), "created_at" timestamp NOT NULL, "updated_at" timestamp NOT NULL) [0m
  [1m[35m (1.6ms)[0m  CREATE UNIQUE INDEX "index_users_on_email" ON "users" ("email")
  [1m[36m (0.7ms)[0m  [1mCREATE UNIQUE INDEX "index_users_on_reset_password_token" ON "users" ("reset_password_token")[0m
  [1m[35m (0.3ms)[0m  INSERT INTO "schema_migrations" ("version") VALUES ('20130301052137')
  [1m[36m (0.6ms)[0m  [1mCOMMIT[0m
  [1m[35m (0.4ms)[0m  SELECT "schema_migrations"."version" FROM "schema_migrations" 
Connecting to database specified by database.yml


Started GET "/assets/rails.png" for 127.0.0.1 at 2013-03-02 16:02:18 -0800
Served asset /rails.png - 200 OK (5ms)
Connecting to database specified by database.yml
Connecting to database specified by database.yml
  [1m[36m (0.4ms)[0m  [1mSELECT "schema_migrations"."version" FROM "schema_migrations" [0m
Migrating to DeviseCreateUsers (20130301052137)
Migrating to AddColumnsToUsers (20130303001151)
  [1m[35m (0.1ms)[0m  BEGIN
  [1m[36m (0.7ms)[0m  [1mALTER TABLE "users" ADD COLUMN "provider" character varying(255)[0m
  [1m[35m (0.2ms)[0m  ALTER TABLE "users" ADD COLUMN "uid" character varying(255)
  [1m[36m (0.3ms)[0m  [1mINSERT INTO "schema_migrations" ("version") VALUES ('20130303001151')[0m
  [1m[35m (0.4ms)[0m  COMMIT
  [1m[36m (0.1ms)[0m  [1mSELECT "schema_migrations"."version" FROM "schema_migrations" [0m
Connecting to database specified by database.yml


Started GET "/assets/rails.png" for 127.0.0.1 at 2013-03-02 16:23:27 -0800
Served asset /rails.png - 200 OK (1ms)


Started GET "/assets/rails.png" for 127.0.0.1 at 2013-03-02 16:23:45 -0800
Served asset /rails.png - 304 Not Modified (0ms)


Started GET "/assets/rails.png" for 127.0.0.1 at 2013-03-02 16:23:47 -0800
Served asset /rails.png - 304 Not Modified (0ms)
Connecting to database specified by database.yml
Connecting to database specified by database.yml


Started GET "/users/sign_up" for 127.0.0.1 at 2013-03-02 16:27:03 -0800
Processing by Devise::RegistrationsController#new as HTML
  Rendered /Users/jacksonbroshear/.rvm/gems/ruby-1.9.3-p327@peer/gems/devise-2.2.3/app/views/devise/shared/_links.erb (1.8ms)
  Rendered /Users/jacksonbroshear/.rvm/gems/ruby-1.9.3-p327@peer/gems/devise-2.2.3/app/views/devise/registrations/new.html.erb within layouts/application (23.4ms)
Compiled application.css  (0ms)  (pid 71096)
Compiled jquery.js  (2ms)  (pid 71096)
Compiled jquery_ujs.js  (0ms)  (pid 71096)
Compiled application.js  (21ms)  (pid 71096)
Completed 200 OK in 198ms (Views: 125.7ms | ActiveRecord: 9.2ms)


Started GET "/assets/application.css?body=1" for 127.0.0.1 at 2013-03-02 16:27:04 -0800
Served asset /application.css - 200 OK (4ms)


Started GET "/assets/application.js?body=1" for 127.0.0.1 at 2013-03-02 16:27:04 -0800
Served asset /application.js - 200 OK (8ms)


Started GET "/assets/jquery_ujs.js?body=1" for 127.0.0.1 at 2013-03-02 16:27:04 -0800
Served asset /jquery_ujs.js - 200 OK (30ms)


Started GET "/assets/jquery.js?body=1" for 127.0.0.1 at 2013-03-02 16:27:04 -0800
Served asset /jquery.js - 200 OK (3ms)


Started GET "/users/sign_up" for 127.0.0.1 at 2013-03-02 16:27:33 -0800
Processing by Devise::RegistrationsController#new as HTML
  Rendered /Users/jacksonbroshear/.rvm/gems/ruby-1.9.3-p327@peer/gems/devise-2.2.3/app/views/devise/shared/_links.erb (0.6ms)
  Rendered /Users/jacksonbroshear/.rvm/gems/ruby-1.9.3-p327@peer/gems/devise-2.2.3/app/views/devise/registrations/new.html.erb within layouts/application (3.1ms)
Completed 200 OK in 10ms (Views: 9.1ms | ActiveRecord: 0.0ms)


Started GET "/assets/application.css?body=1" for 127.0.0.1 at 2013-03-02 16:27:33 -0800
Served asset /application.css - 304 Not Modified (0ms)


Started GET "/assets/jquery.js?body=1" for 127.0.0.1 at 2013-03-02 16:27:33 -0800
Served asset /jquery.js - 304 Not Modified (0ms)


Started GET "/assets/jquery_ujs.js?body=1" for 127.0.0.1 at 2013-03-02 16:27:33 -0800
Served asset /jquery_ujs.js - 304 Not Modified (0ms)


Started GET "/assets/application.js?body=1" for 127.0.0.1 at 2013-03-02 16:27:33 -0800
Served asset /application.js - 304 Not Modified (0ms)


Started GET "/users/auth/github" for 127.0.0.1 at 2013-03-02 16:27:35 -0800


Started GET "/auth/github/callback?error=redirect_uri_mismatch&state=0a73b07432dd35f4cb9a543222cbddbb2854167940ac0b20" for 127.0.0.1 at 2013-03-02 16:27:42 -0800

ActionController::RoutingError (No route matches [GET] "/auth/github/callback"):
  actionpack (3.2.12) lib/action_dispatch/middleware/debug_exceptions.rb:21:in `call'
  actionpack (3.2.12) lib/action_dispatch/middleware/show_exceptions.rb:56:in `call'
  railties (3.2.12) lib/rails/rack/logger.rb:32:in `call_app'
  railties (3.2.12) lib/rails/rack/logger.rb:16:in `block in call'
  activesupport (3.2.12) lib/active_support/tagged_logging.rb:22:in `tagged'
  railties (3.2.12) lib/rails/rack/logger.rb:16:in `call'
  actionpack (3.2.12) lib/action_dispatch/middleware/request_id.rb:22:in `call'
  rack (1.4.5) lib/rack/methodoverride.rb:21:in `call'
  rack (1.4.5) lib/rack/runtime.rb:17:in `call'
  activesupport (3.2.12) lib/active_support/cache/strategy/local_cache.rb:72:in `call'
  rack (1.4.5) lib/rack/lock.rb:15:in `call'
  actionpack (3.2.12) lib/action_dispatch/middleware/static.rb:62:in `call'
  railties (3.2.12) lib/rails/engine.rb:479:in `call'
  railties (3.2.12) lib/rails/application.rb:223:in `call'
  rack (1.4.5) lib/rack/content_length.rb:14:in `call'
  railties (3.2.12) lib/rails/rack/log_tailer.rb:17:in `call'
  rack (1.4.5) lib/rack/handler/webrick.rb:59:in `service'
  /Users/jacksonbroshear/.rvm/rubies/ruby-1.9.3-p327/lib/ruby/1.9.1/webrick/httpserver.rb:138:in `service'
  /Users/jacksonbroshear/.rvm/rubies/ruby-1.9.3-p327/lib/ruby/1.9.1/webrick/httpserver.rb:94:in `run'
  /Users/jacksonbroshear/.rvm/rubies/ruby-1.9.3-p327/lib/ruby/1.9.1/webrick/server.rb:191:in `block in start_thread'


  Rendered /Users/jacksonbroshear/.rvm/gems/ruby-1.9.3-p327@peer/gems/actionpack-3.2.12/lib/action_dispatch/middleware/templates/rescues/routing_error.erb within rescues/layout (0.8ms)


Started GET "/users/sign_up" for 127.0.0.1 at 2013-03-02 16:29:36 -0800
Processing by Devise::RegistrationsController#new as HTML
  Rendered /Users/jacksonbroshear/.rvm/gems/ruby-1.9.3-p327@peer/gems/devise-2.2.3/app/views/devise/shared/_links.erb (0.7ms)
  Rendered /Users/jacksonbroshear/.rvm/gems/ruby-1.9.3-p327@peer/gems/devise-2.2.3/app/views/devise/registrations/new.html.erb within layouts/application (3.6ms)
Completed 200 OK in 8ms (Views: 7.3ms | ActiveRecord: 0.0ms)


Started GET "/assets/application.css?body=1" for 127.0.0.1 at 2013-03-02 16:29:37 -0800
Served asset /application.css - 304 Not Modified (0ms)


Started GET "/assets/jquery.js?body=1" for 127.0.0.1 at 2013-03-02 16:29:37 -0800
Served asset /jquery.js - 304 Not Modified (0ms)


Started GET "/assets/jquery_ujs.js?body=1" for 127.0.0.1 at 2013-03-02 16:29:37 -0800
Served asset /jquery_ujs.js - 304 Not Modified (0ms)


Started GET "/assets/application.js?body=1" for 127.0.0.1 at 2013-03-02 16:29:37 -0800
Served asset /application.js - 304 Not Modified (0ms)


Started GET "/users/auth/github" for 127.0.0.1 at 2013-03-02 16:29:39 -0800


Started GET "/users/auth/callback?error=redirect_uri_mismatch&state=265a46e1c455d2b1f86a5231de83cf88aab137ef6543fd7d" for 127.0.0.1 at 2013-03-02 16:29:42 -0800

ActionController::RoutingError (No route matches [GET] "/users/auth/callback"):
  actionpack (3.2.12) lib/action_dispatch/middleware/debug_exceptions.rb:21:in `call'
  actionpack (3.2.12) lib/action_dispatch/middleware/show_exceptions.rb:56:in `call'
  railties (3.2.12) lib/rails/rack/logger.rb:32:in `call_app'
  railties (3.2.12) lib/rails/rack/logger.rb:16:in `block in call'
  activesupport (3.2.12) lib/active_support/tagged_logging.rb:22:in `tagged'
  railties (3.2.12) lib/rails/rack/logger.rb:16:in `call'
  actionpack (3.2.12) lib/action_dispatch/middleware/request_id.rb:22:in `call'
  rack (1.4.5) lib/rack/methodoverride.rb:21:in `call'
  rack (1.4.5) lib/rack/runtime.rb:17:in `call'
  activesupport (3.2.12) lib/active_support/cache/strategy/local_cache.rb:72:in `call'
  rack (1.4.5) lib/rack/lock.rb:15:in `call'
  actionpack (3.2.12) lib/action_dispatch/middleware/static.rb:62:in `call'
  railties (3.2.12) lib/rails/engine.rb:479:in `call'
  railties (3.2.12) lib/rails/application.rb:223:in `call'
  rack (1.4.5) lib/rack/content_length.rb:14:in `call'
  railties (3.2.12) lib/rails/rack/log_tailer.rb:17:in `call'
  rack (1.4.5) lib/rack/handler/webrick.rb:59:in `service'
  /Users/jacksonbroshear/.rvm/rubies/ruby-1.9.3-p327/lib/ruby/1.9.1/webrick/httpserver.rb:138:in `service'
  /Users/jacksonbroshear/.rvm/rubies/ruby-1.9.3-p327/lib/ruby/1.9.1/webrick/httpserver.rb:94:in `run'
  /Users/jacksonbroshear/.rvm/rubies/ruby-1.9.3-p327/lib/ruby/1.9.1/webrick/server.rb:191:in `block in start_thread'


  Rendered /Users/jacksonbroshear/.rvm/gems/ruby-1.9.3-p327@peer/gems/actionpack-3.2.12/lib/action_dispatch/middleware/templates/rescues/routing_error.erb within rescues/layout (0.6ms)


Started GET "/users/sign_up" for 127.0.0.1 at 2013-03-02 16:31:44 -0800
Processing by Devise::RegistrationsController#new as HTML
  Rendered /Users/jacksonbroshear/.rvm/gems/ruby-1.9.3-p327@peer/gems/devise-2.2.3/app/views/devise/shared/_links.erb (0.7ms)
  Rendered /Users/jacksonbroshear/.rvm/gems/ruby-1.9.3-p327@peer/gems/devise-2.2.3/app/views/devise/registrations/new.html.erb within layouts/application (3.2ms)
Completed 200 OK in 7ms (Views: 6.8ms | ActiveRecord: 0.0ms)


Started GET "/assets/application.js?body=1" for 127.0.0.1 at 2013-03-02 16:31:44 -0800
Served asset /application.js - 304 Not Modified (0ms)


Started GET "/assets/application.css?body=1" for 127.0.0.1 at 2013-03-02 16:31:44 -0800
Served asset /application.css - 304 Not Modified (0ms)


Started GET "/assets/jquery_ujs.js?body=1" for 127.0.0.1 at 2013-03-02 16:31:44 -0800
Served asset /jquery_ujs.js - 304 Not Modified (0ms)


Started GET "/users/auth/github" for 127.0.0.1 at 2013-03-02 16:31:46 -0800


Started GET "/users/auth/github?error=redirect_uri_mismatch&state=2a80ddee5f09fd252b6ef08420dceaa14f59e09b83b25bbd" for 127.0.0.1 at 2013-03-02 16:31:48 -0800


Started GET "/users/auth/github/callback?code=d7b190519c41e884ebd6&state=30ba70478b4102e24d8b37f6cd3e02d78fd4ec76cc328a44" for 127.0.0.1 at 2013-03-02 16:31:55 -0800

AbstractController::ActionNotFound (The action 'github' could not be found for Devise::OmniauthCallbacksController):
  actionpack (3.2.12) lib/abstract_controller/base.rb:116:in `process'
  actionpack (3.2.12) lib/abstract_controller/rendering.rb:45:in `process'
  actionpack (3.2.12) lib/action_controller/metal.rb:203:in `dispatch'
  actionpack (3.2.12) lib/action_controller/metal/rack_delegation.rb:14:in `dispatch'
  actionpack (3.2.12) lib/action_controller/metal.rb:246:in `block in action'
  actionpack (3.2.12) lib/action_dispatch/routing/route_set.rb:73:in `call'
  actionpack (3.2.12) lib/action_dispatch/routing/route_set.rb:73:in `dispatch'
  actionpack (3.2.12) lib/action_dispatch/routing/route_set.rb:36:in `call'
  actionpack (3.2.12) lib/action_dispatch/routing/mapper.rb:42:in `call'
  journey (1.0.4) lib/journey/router.rb:68:in `block in call'
  journey (1.0.4) lib/journey/router.rb:56:in `each'
  journey (1.0.4) lib/journey/router.rb:56:in `call'
  actionpack (3.2.12) lib/action_dispatch/routing/route_set.rb:601:in `call'
  omniauth (1.1.3) lib/omniauth/strategy.rb:394:in `call_app!'
  omniauth (1.1.3) lib/omniauth/strategy.rb:356:in `callback_phase'
  omniauth-oauth2 (1.1.1) lib/omniauth/strategies/oauth2.rb:77:in `callback_phase'
  omniauth (1.1.3) lib/omniauth/strategy.rb:219:in `callback_call'
  omniauth (1.1.3) lib/omniauth/strategy.rb:175:in `call!'
  omniauth (1.1.3) lib/omniauth/strategy.rb:157:in `call'
  warden (1.2.1) lib/warden/manager.rb:35:in `block in call'
  warden (1.2.1) lib/warden/manager.rb:34:in `catch'
  warden (1.2.1) lib/warden/manager.rb:34:in `call'
  actionpack (3.2.12) lib/action_dispatch/middleware/best_standards_support.rb:17:in `call'
  rack (1.4.5) lib/rack/etag.rb:23:in `call'
  rack (1.4.5) lib/rack/conditionalget.rb:25:in `call'
  actionpack (3.2.12) lib/action_dispatch/middleware/head.rb:14:in `call'
  actionpack (3.2.12) lib/action_dispatch/middleware/params_parser.rb:21:in `call'
  actionpack (3.2.12) lib/action_dispatch/middleware/flash.rb:242:in `call'
  rack (1.4.5) lib/rack/session/abstract/id.rb:210:in `context'
  rack (1.4.5) lib/rack/session/abstract/id.rb:205:in `call'
  actionpack (3.2.12) lib/action_dispatch/middleware/cookies.rb:341:in `call'
  activerecord (3.2.12) lib/active_record/query_cache.rb:64:in `call'
  activerecord (3.2.12) lib/active_record/connection_adapters/abstract/connection_pool.rb:479:in `call'
  actionpack (3.2.12) lib/action_dispatch/middleware/callbacks.rb:28:in `block in call'
  activesupport (3.2.12) lib/active_support/callbacks.rb:405:in `_run__3743800092775636937__call__3088056291310800830__callbacks'
  activesupport (3.2.12) lib/active_support/callbacks.rb:405:in `__run_callback'
  activesupport (3.2.12) lib/active_support/callbacks.rb:385:in `_run_call_callbacks'
  activesupport (3.2.12) lib/active_support/callbacks.rb:81:in `run_callbacks'
  actionpack (3.2.12) lib/action_dispatch/middleware/callbacks.rb:27:in `call'
  actionpack (3.2.12) lib/action_dispatch/middleware/reloader.rb:65:in `call'
  actionpack (3.2.12) lib/action_dispatch/middleware/remote_ip.rb:31:in `call'
  actionpack (3.2.12) lib/action_dispatch/middleware/debug_exceptions.rb:16:in `call'
  actionpack (3.2.12) lib/action_dispatch/middleware/show_exceptions.rb:56:in `call'
  railties (3.2.12) lib/rails/rack/logger.rb:32:in `call_app'
  railties (3.2.12) lib/rails/rack/logger.rb:16:in `block in call'
  activesupport (3.2.12) lib/active_support/tagged_logging.rb:22:in `tagged'
  railties (3.2.12) lib/rails/rack/logger.rb:16:in `call'
  actionpack (3.2.12) lib/action_dispatch/middleware/request_id.rb:22:in `call'
  rack (1.4.5) lib/rack/methodoverride.rb:21:in `call'
  rack (1.4.5) lib/rack/runtime.rb:17:in `call'
  activesupport (3.2.12) lib/active_support/cache/strategy/local_cache.rb:72:in `call'
  rack (1.4.5) lib/rack/lock.rb:15:in `call'
  actionpack (3.2.12) lib/action_dispatch/middleware/static.rb:62:in `call'
  railties (3.2.12) lib/rails/engine.rb:479:in `call'
  railties (3.2.12) lib/rails/application.rb:223:in `call'
  rack (1.4.5) lib/rack/content_length.rb:14:in `call'
  railties (3.2.12) lib/rails/rack/log_tailer.rb:17:in `call'
  rack (1.4.5) lib/rack/handler/webrick.rb:59:in `service'
  /Users/jacksonbroshear/.rvm/rubies/ruby-1.9.3-p327/lib/ruby/1.9.1/webrick/httpserver.rb:138:in `service'
  /Users/jacksonbroshear/.rvm/rubies/ruby-1.9.3-p327/lib/ruby/1.9.1/webrick/httpserver.rb:94:in `run'
  /Users/jacksonbroshear/.rvm/rubies/ruby-1.9.3-p327/lib/ruby/1.9.1/webrick/server.rb:191:in `block in start_thread'


  Rendered /Users/jacksonbroshear/.rvm/gems/ruby-1.9.3-p327@peer/gems/actionpack-3.2.12/lib/action_dispatch/middleware/templates/rescues/unknown_action.erb within rescues/layout (0.4ms)
Connecting to database specified by database.yml


Started GET "/users/auth/github?error=redirect_uri_mismatch" for 127.0.0.1 at 2013-03-02 16:38:12 -0800


Started GET "/users/auth/github/callback?code=906e6fc704cf415fe96c&state=6c0566b732a19c962cc9d4933d2006a5509143d321a46553" for 127.0.0.1 at 2013-03-02 16:38:12 -0800

ActionController::RoutingError (uninitialized constant OmniauthCallbacksController):
  activesupport (3.2.12) lib/active_support/inflector/methods.rb:230:in `block in constantize'
  activesupport (3.2.12) lib/active_support/inflector/methods.rb:229:in `each'
  activesupport (3.2.12) lib/active_support/inflector/methods.rb:229:in `constantize'
  actionpack (3.2.12) lib/action_dispatch/routing/route_set.rb:69:in `controller_reference'
  actionpack (3.2.12) lib/action_dispatch/routing/route_set.rb:54:in `controller'
  actionpack (3.2.12) lib/action_dispatch/routing/route_set.rb:32:in `call'
  actionpack (3.2.12) lib/action_dispatch/routing/mapper.rb:42:in `call'
  journey (1.0.4) lib/journey/router.rb:68:in `block in call'
  journey (1.0.4) lib/journey/router.rb:56:in `each'
  journey (1.0.4) lib/journey/router.rb:56:in `call'
  actionpack (3.2.12) lib/action_dispatch/routing/route_set.rb:601:in `call'
  omniauth (1.1.3) lib/omniauth/strategy.rb:394:in `call_app!'
  omniauth (1.1.3) lib/omniauth/strategy.rb:356:in `callback_phase'
  omniauth-oauth2 (1.1.1) lib/omniauth/strategies/oauth2.rb:77:in `callback_phase'
  omniauth (1.1.3) lib/omniauth/strategy.rb:219:in `callback_call'
  omniauth (1.1.3) lib/omniauth/strategy.rb:175:in `call!'
  omniauth (1.1.3) lib/omniauth/strategy.rb:157:in `call'
  warden (1.2.1) lib/warden/manager.rb:35:in `block in call'
  warden (1.2.1) lib/warden/manager.rb:34:in `catch'
  warden (1.2.1) lib/warden/manager.rb:34:in `call'
  actionpack (3.2.12) lib/action_dispatch/middleware/best_standards_support.rb:17:in `call'
  rack (1.4.5) lib/rack/etag.rb:23:in `call'
  rack (1.4.5) lib/rack/conditionalget.rb:25:in `call'
  actionpack (3.2.12) lib/action_dispatch/middleware/head.rb:14:in `call'
  actionpack (3.2.12) lib/action_dispatch/middleware/params_parser.rb:21:in `call'
  actionpack (3.2.12) lib/action_dispatch/middleware/flash.rb:242:in `call'
  rack (1.4.5) lib/rack/session/abstract/id.rb:210:in `context'
  rack (1.4.5) lib/rack/session/abstract/id.rb:205:in `call'
  actionpack (3.2.12) lib/action_dispatch/middleware/cookies.rb:341:in `call'
  activerecord (3.2.12) lib/active_record/query_cache.rb:64:in `call'
  activerecord (3.2.12) lib/active_record/connection_adapters/abstract/connection_pool.rb:479:in `call'
  actionpack (3.2.12) lib/action_dispatch/middleware/callbacks.rb:28:in `block in call'
  activesupport (3.2.12) lib/active_support/callbacks.rb:405:in `_run__4303890420261125592__call__593192853813557864__callbacks'
  activesupport (3.2.12) lib/active_support/callbacks.rb:405:in `__run_callback'
  activesupport (3.2.12) lib/active_support/callbacks.rb:385:in `_run_call_callbacks'
  activesupport (3.2.12) lib/active_support/callbacks.rb:81:in `run_callbacks'
  actionpack (3.2.12) lib/action_dispatch/middleware/callbacks.rb:27:in `call'
  actionpack (3.2.12) lib/action_dispatch/middleware/reloader.rb:65:in `call'
  actionpack (3.2.12) lib/action_dispatch/middleware/remote_ip.rb:31:in `call'
  actionpack (3.2.12) lib/action_dispatch/middleware/debug_exceptions.rb:16:in `call'
  actionpack (3.2.12) lib/action_dispatch/middleware/show_exceptions.rb:56:in `call'
  railties (3.2.12) lib/rails/rack/logger.rb:32:in `call_app'
  railties (3.2.12) lib/rails/rack/logger.rb:16:in `block in call'
  activesupport (3.2.12) lib/active_support/tagged_logging.rb:22:in `tagged'
  railties (3.2.12) lib/rails/rack/logger.rb:16:in `call'
  actionpack (3.2.12) lib/action_dispatch/middleware/request_id.rb:22:in `call'
  rack (1.4.5) lib/rack/methodoverride.rb:21:in `call'
  rack (1.4.5) lib/rack/runtime.rb:17:in `call'
  activesupport (3.2.12) lib/active_support/cache/strategy/local_cache.rb:72:in `call'
  rack (1.4.5) lib/rack/lock.rb:15:in `call'
  actionpack (3.2.12) lib/action_dispatch/middleware/static.rb:62:in `call'
  railties (3.2.12) lib/rails/engine.rb:479:in `call'
  railties (3.2.12) lib/rails/application.rb:223:in `call'
  rack (1.4.5) lib/rack/content_length.rb:14:in `call'
  railties (3.2.12) lib/rails/rack/log_tailer.rb:17:in `call'
  rack (1.4.5) lib/rack/handler/webrick.rb:59:in `service'
  /Users/jacksonbroshear/.rvm/rubies/ruby-1.9.3-p327/lib/ruby/1.9.1/webrick/httpserver.rb:138:in `service'
  /Users/jacksonbroshear/.rvm/rubies/ruby-1.9.3-p327/lib/ruby/1.9.1/webrick/httpserver.rb:94:in `run'
  /Users/jacksonbroshear/.rvm/rubies/ruby-1.9.3-p327/lib/ruby/1.9.1/webrick/server.rb:191:in `block in start_thread'


  Rendered /Users/jacksonbroshear/.rvm/gems/ruby-1.9.3-p327@peer/gems/actionpack-3.2.12/lib/action_dispatch/middleware/templates/rescues/routing_error.erb within rescues/layout (2.6ms)
Connecting to database specified by database.yml
Connecting to database specified by database.yml


Started GET "/users/auth/github?error=redirect_uri_mismatch" for 127.0.0.1 at 2013-03-02 16:40:40 -0800


Started GET "/users/auth/github/callback?code=43e7a1e68a796cea158d&state=11cf0b65af3fd39e5d94bd88d5843803816aa95d233385b9" for 127.0.0.1 at 2013-03-02 16:40:41 -0800

AbstractController::ActionNotFound (The action 'github' could not be found for OmniauthCallbacksController):
  actionpack (3.2.12) lib/abstract_controller/base.rb:116:in `process'
  actionpack (3.2.12) lib/abstract_controller/rendering.rb:45:in `process'
  actionpack (3.2.12) lib/action_controller/metal.rb:203:in `dispatch'
  actionpack (3.2.12) lib/action_controller/metal/rack_delegation.rb:14:in `dispatch'
  actionpack (3.2.12) lib/action_controller/metal.rb:246:in `block in action'
  actionpack (3.2.12) lib/action_dispatch/routing/route_set.rb:73:in `call'
  actionpack (3.2.12) lib/action_dispatch/routing/route_set.rb:73:in `dispatch'
  actionpack (3.2.12) lib/action_dispatch/routing/route_set.rb:36:in `call'
  actionpack (3.2.12) lib/action_dispatch/routing/mapper.rb:42:in `call'
  journey (1.0.4) lib/journey/router.rb:68:in `block in call'
  journey (1.0.4) lib/journey/router.rb:56:in `each'
  journey (1.0.4) lib/journey/router.rb:56:in `call'
  actionpack (3.2.12) lib/action_dispatch/routing/route_set.rb:601:in `call'
  omniauth (1.1.3) lib/omniauth/strategy.rb:394:in `call_app!'
  omniauth (1.1.3) lib/omniauth/strategy.rb:356:in `callback_phase'
  omniauth-oauth2 (1.1.1) lib/omniauth/strategies/oauth2.rb:77:in `callback_phase'
  omniauth (1.1.3) lib/omniauth/strategy.rb:219:in `callback_call'
  omniauth (1.1.3) lib/omniauth/strategy.rb:175:in `call!'
  omniauth (1.1.3) lib/omniauth/strategy.rb:157:in `call'
  warden (1.2.1) lib/warden/manager.rb:35:in `block in call'
  warden (1.2.1) lib/warden/manager.rb:34:in `catch'
  warden (1.2.1) lib/warden/manager.rb:34:in `call'
  actionpack (3.2.12) lib/action_dispatch/middleware/best_standards_support.rb:17:in `call'
  rack (1.4.5) lib/rack/etag.rb:23:in `call'
  rack (1.4.5) lib/rack/conditionalget.rb:25:in `call'
  actionpack (3.2.12) lib/action_dispatch/middleware/head.rb:14:in `call'
  actionpack (3.2.12) lib/action_dispatch/middleware/params_parser.rb:21:in `call'
  actionpack (3.2.12) lib/action_dispatch/middleware/flash.rb:242:in `call'
  rack (1.4.5) lib/rack/session/abstract/id.rb:210:in `context'
  rack (1.4.5) lib/rack/session/abstract/id.rb:205:in `call'
  actionpack (3.2.12) lib/action_dispatch/middleware/cookies.rb:341:in `call'
  activerecord (3.2.12) lib/active_record/query_cache.rb:64:in `call'
  activerecord (3.2.12) lib/active_record/connection_adapters/abstract/connection_pool.rb:479:in `call'
  actionpack (3.2.12) lib/action_dispatch/middleware/callbacks.rb:28:in `block in call'
  activesupport (3.2.12) lib/active_support/callbacks.rb:405:in `_run__1833127680578309083__call__761472175723819478__callbacks'
  activesupport (3.2.12) lib/active_support/callbacks.rb:405:in `__run_callback'
  activesupport (3.2.12) lib/active_support/callbacks.rb:385:in `_run_call_callbacks'
  activesupport (3.2.12) lib/active_support/callbacks.rb:81:in `run_callbacks'
  actionpack (3.2.12) lib/action_dispatch/middleware/callbacks.rb:27:in `call'
  actionpack (3.2.12) lib/action_dispatch/middleware/reloader.rb:65:in `call'
  actionpack (3.2.12) lib/action_dispatch/middleware/remote_ip.rb:31:in `call'
  actionpack (3.2.12) lib/action_dispatch/middleware/debug_exceptions.rb:16:in `call'
  actionpack (3.2.12) lib/action_dispatch/middleware/show_exceptions.rb:56:in `call'
  railties (3.2.12) lib/rails/rack/logger.rb:32:in `call_app'
  railties (3.2.12) lib/rails/rack/logger.rb:16:in `block in call'
  activesupport (3.2.12) lib/active_support/tagged_logging.rb:22:in `tagged'
  railties (3.2.12) lib/rails/rack/logger.rb:16:in `call'
  actionpack (3.2.12) lib/action_dispatch/middleware/request_id.rb:22:in `call'
  rack (1.4.5) lib/rack/methodoverride.rb:21:in `call'
  rack (1.4.5) lib/rack/runtime.rb:17:in `call'
  activesupport (3.2.12) lib/active_support/cache/strategy/local_cache.rb:72:in `call'
  rack (1.4.5) lib/rack/lock.rb:15:in `call'
  actionpack (3.2.12) lib/action_dispatch/middleware/static.rb:62:in `call'
  railties (3.2.12) lib/rails/engine.rb:479:in `call'
  railties (3.2.12) lib/rails/application.rb:223:in `call'
  rack (1.4.5) lib/rack/content_length.rb:14:in `call'
  railties (3.2.12) lib/rails/rack/log_tailer.rb:17:in `call'
  rack (1.4.5) lib/rack/handler/webrick.rb:59:in `service'
  /Users/jacksonbroshear/.rvm/rubies/ruby-1.9.3-p327/lib/ruby/1.9.1/webrick/httpserver.rb:138:in `service'
  /Users/jacksonbroshear/.rvm/rubies/ruby-1.9.3-p327/lib/ruby/1.9.1/webrick/httpserver.rb:94:in `run'
  /Users/jacksonbroshear/.rvm/rubies/ruby-1.9.3-p327/lib/ruby/1.9.1/webrick/server.rb:191:in `block in start_thread'


  Rendered /Users/jacksonbroshear/.rvm/gems/ruby-1.9.3-p327@peer/gems/actionpack-3.2.12/lib/action_dispatch/middleware/templates/rescues/unknown_action.erb within rescues/layout (2.1ms)
Connecting to database specified by database.yml


Started GET "/users/auth/github?error=redirect_uri_mismatch" for 127.0.0.1 at 2013-03-02 16:51:36 -0800


Started GET "/users/auth/github/callback?code=6be4b5d646a0257295dd&state=6a236ee12dea2982428a008e6c193768d4c1a17b947ffeb3" for 127.0.0.1 at 2013-03-02 16:51:36 -0800
Processing by Users::OmniauthCallbacksController#github as HTML
  Parameters: {"code"=>"6be4b5d646a0257295dd", "state"=>"6a236ee12dea2982428a008e6c193768d4c1a17b947ffeb3"}
  [1m[36mUser Load (2.3ms)[0m  [1mSELECT "users".* FROM "users" WHERE "users"."provider" = 'github' AND "users"."uid" = '164181' LIMIT 1[0m
Completed 500 Internal Server Error in 35ms

ActiveModel::MassAssignmentSecurity::Error (Can't mass-assign protected attributes: name):
  app/models/user.rb:17:in `find_for_github_oauth'
  app/controllers/users/omniauth_callbacks_controller.rb:4:in `github'


  Rendered /Users/jacksonbroshear/.rvm/gems/ruby-1.9.3-p327@peer/gems/actionpack-3.2.12/lib/action_dispatch/middleware/templates/rescues/_trace.erb (1.1ms)
  Rendered /Users/jacksonbroshear/.rvm/gems/ruby-1.9.3-p327@peer/gems/actionpack-3.2.12/lib/action_dispatch/middleware/templates/rescues/_request_and_response.erb (0.9ms)
  Rendered /Users/jacksonbroshear/.rvm/gems/ruby-1.9.3-p327@peer/gems/actionpack-3.2.12/lib/action_dispatch/middleware/templates/rescues/diagnostics.erb within rescues/layout (11.0ms)


Started GET "/users/auth/github/callback?code=6be4b5d646a0257295dd&state=6a236ee12dea2982428a008e6c193768d4c1a17b947ffeb3" for 127.0.0.1 at 2013-03-02 16:56:43 -0800
Processing by Users::OmniauthCallbacksController#failure as HTML
  Parameters: {"code"=>"6be4b5d646a0257295dd", "state"=>"6a236ee12dea2982428a008e6c193768d4c1a17b947ffeb3"}
Redirected to http://127.0.0.1:3000/users/sign_in
Completed 302 Found in 10ms (ActiveRecord: 0.0ms)


Started GET "/users/sign_in" for 127.0.0.1 at 2013-03-02 16:56:43 -0800
Processing by Devise::SessionsController#new as HTML
  Rendered /Users/jacksonbroshear/.rvm/gems/ruby-1.9.3-p327@peer/gems/devise-2.2.3/app/views/devise/shared/_links.erb (2.9ms)
  Rendered /Users/jacksonbroshear/.rvm/gems/ruby-1.9.3-p327@peer/gems/devise-2.2.3/app/views/devise/sessions/new.html.erb within layouts/application (10.8ms)
Completed 200 OK in 83ms (Views: 23.4ms | ActiveRecord: 6.3ms)


Started GET "/assets/application.css?body=1" for 127.0.0.1 at 2013-03-02 16:56:44 -0800
Served asset /application.css - 200 OK (5ms)


Started GET "/assets/jquery.js?body=1" for 127.0.0.1 at 2013-03-02 16:56:44 -0800
Served asset /jquery.js - 200 OK (23ms)


Started GET "/assets/application.js?body=1" for 127.0.0.1 at 2013-03-02 16:56:44 -0800
Served asset /application.js - 200 OK (5ms)


Started GET "/assets/jquery_ujs.js?body=1" for 127.0.0.1 at 2013-03-02 16:56:44 -0800
Served asset /jquery_ujs.js - 200 OK (2ms)


Started GET "/users/auth/github" for 127.0.0.1 at 2013-03-02 16:56:48 -0800


Started GET "/users/auth/github/callback?code=b200f0c4f67199849405&state=77092e1ed975193dbd6a8be7a93121e0ce6f75dbbfc20ea5" for 127.0.0.1 at 2013-03-02 16:56:49 -0800
Processing by Users::OmniauthCallbacksController#github as HTML
  Parameters: {"code"=>"b200f0c4f67199849405", "state"=>"77092e1ed975193dbd6a8be7a93121e0ce6f75dbbfc20ea5"}
  [1m[35mUser Load (1.0ms)[0m  SELECT "users".* FROM "users" WHERE "users"."provider" = 'github' AND "users"."uid" = '164181' LIMIT 1
Completed 500 Internal Server Error in 3ms

ActiveRecord::UnknownAttributeError (unknown attribute: name):
  app/models/user.rb:17:in `find_for_github_oauth'
  app/controllers/users/omniauth_callbacks_controller.rb:4:in `github'


  Rendered /Users/jacksonbroshear/.rvm/gems/ruby-1.9.3-p327@peer/gems/actionpack-3.2.12/lib/action_dispatch/middleware/templates/rescues/_trace.erb (1.0ms)
  Rendered /Users/jacksonbroshear/.rvm/gems/ruby-1.9.3-p327@peer/gems/actionpack-3.2.12/lib/action_dispatch/middleware/templates/rescues/_request_and_response.erb (0.8ms)
  Rendered /Users/jacksonbroshear/.rvm/gems/ruby-1.9.3-p327@peer/gems/actionpack-3.2.12/lib/action_dispatch/middleware/templates/rescues/diagnostics.erb within rescues/layout (7.3ms)


Started GET "/users/sign_in" for 127.0.0.1 at 2013-03-02 16:57:12 -0800
Processing by Devise::SessionsController#new as HTML
  Rendered /Users/jacksonbroshear/.rvm/gems/ruby-1.9.3-p327@peer/gems/devise-2.2.3/app/views/devise/shared/_links.erb (0.6ms)
  Rendered /Users/jacksonbroshear/.rvm/gems/ruby-1.9.3-p327@peer/gems/devise-2.2.3/app/views/devise/sessions/new.html.erb within layouts/application (3.4ms)
Completed 200 OK in 52ms (Views: 29.1ms | ActiveRecord: 2.1ms)


Started GET "/assets/application.css?body=1" for 127.0.0.1 at 2013-03-02 16:57:12 -0800
Served asset /application.css - 304 Not Modified (0ms)


Started GET "/assets/jquery_ujs.js?body=1" for 127.0.0.1 at 2013-03-02 16:57:12 -0800
Served asset /jquery_ujs.js - 304 Not Modified (0ms)


Started GET "/assets/application.js?body=1" for 127.0.0.1 at 2013-03-02 16:57:12 -0800
Served asset /application.js - 304 Not Modified (0ms)


Started GET "/assets/jquery.js?body=1" for 127.0.0.1 at 2013-03-02 16:57:12 -0800
Served asset /jquery.js - 304 Not Modified (0ms)


Started GET "/users/auth/github" for 127.0.0.1 at 2013-03-02 16:57:14 -0800


Started GET "/users/auth/github/callback?code=337a43c76124b3e6c0d5&state=a86c6a2789f15c3bba61b0fbd8e4b1f7d86380deabeee3cd" for 127.0.0.1 at 2013-03-02 16:57:14 -0800
Processing by Users::OmniauthCallbacksController#github as HTML
  Parameters: {"code"=>"337a43c76124b3e6c0d5", "state"=>"a86c6a2789f15c3bba61b0fbd8e4b1f7d86380deabeee3cd"}
  [1m[36mUser Load (0.4ms)[0m  [1mSELECT "users".* FROM "users" WHERE "users"."provider" = 'github' AND "users"."uid" = '164181' LIMIT 1[0m
Completed 500 Internal Server Error in 2ms

ActiveModel::MassAssignmentSecurity::Error (Can't mass-assign protected attributes: name):
  app/models/user.rb:17:in `find_for_github_oauth'
  app/controllers/users/omniauth_callbacks_controller.rb:4:in `github'


  Rendered /Users/jacksonbroshear/.rvm/gems/ruby-1.9.3-p327@peer/gems/actionpack-3.2.12/lib/action_dispatch/middleware/templates/rescues/_trace.erb (1.0ms)
  Rendered /Users/jacksonbroshear/.rvm/gems/ruby-1.9.3-p327@peer/gems/actionpack-3.2.12/lib/action_dispatch/middleware/templates/rescues/_request_and_response.erb (0.8ms)
  Rendered /Users/jacksonbroshear/.rvm/gems/ruby-1.9.3-p327@peer/gems/actionpack-3.2.12/lib/action_dispatch/middleware/templates/rescues/diagnostics.erb within rescues/layout (6.9ms)


Started GET "/users/auth/github/callback?code=337a43c76124b3e6c0d5&state=a86c6a2789f15c3bba61b0fbd8e4b1f7d86380deabeee3cd" for 127.0.0.1 at 2013-03-02 17:12:21 -0800
Processing by Users::OmniauthCallbacksController#failure as HTML
  Parameters: {"code"=>"337a43c76124b3e6c0d5", "state"=>"a86c6a2789f15c3bba61b0fbd8e4b1f7d86380deabeee3cd"}
Redirected to http://127.0.0.1:3000/users/sign_in
Completed 302 Found in 1ms (ActiveRecord: 0.0ms)


Started GET "/users/sign_in" for 127.0.0.1 at 2013-03-02 17:12:21 -0800
Processing by Devise::SessionsController#new as HTML
  Rendered /Users/jacksonbroshear/.rvm/gems/ruby-1.9.3-p327@peer/gems/devise-2.2.3/app/views/devise/shared/_links.erb (0.7ms)
  Rendered /Users/jacksonbroshear/.rvm/gems/ruby-1.9.3-p327@peer/gems/devise-2.2.3/app/views/devise/sessions/new.html.erb within layouts/application (3.8ms)
Completed 200 OK in 57ms (Views: 7.9ms | ActiveRecord: 2.2ms)


Started GET "/assets/application.css?body=1" for 127.0.0.1 at 2013-03-02 17:12:21 -0800
Served asset /application.css - 304 Not Modified (0ms)


Started GET "/assets/jquery.js?body=1" for 127.0.0.1 at 2013-03-02 17:12:21 -0800
Served asset /jquery.js - 304 Not Modified (0ms)


Started GET "/assets/application.js?body=1" for 127.0.0.1 at 2013-03-02 17:12:21 -0800
Served asset /application.js - 304 Not Modified (0ms)


Started GET "/assets/jquery_ujs.js?body=1" for 127.0.0.1 at 2013-03-02 17:12:21 -0800
Served asset /jquery_ujs.js - 304 Not Modified (0ms)


Started GET "/users/auth/github" for 127.0.0.1 at 2013-03-02 17:12:25 -0800


Started GET "/users/auth/github/callback?code=3e01a0f38845c9ad9165&state=0bae54bb40a5223a7be3687fb14ea5018b0dc31ece1cf0a3" for 127.0.0.1 at 2013-03-02 17:12:25 -0800
Processing by Users::OmniauthCallbacksController#github as HTML
  Parameters: {"code"=>"3e01a0f38845c9ad9165", "state"=>"0bae54bb40a5223a7be3687fb14ea5018b0dc31ece1cf0a3"}
  [1m[35mUser Load (0.4ms)[0m  SELECT "users".* FROM "users" WHERE "users"."provider" = 'github' AND "users"."uid" = '164181' LIMIT 1
Completed 500 Internal Server Error in 2ms

ActiveRecord::UnknownAttributeError (unknown attribute: name):
  app/models/user.rb:17:in `find_for_github_oauth'
  app/controllers/users/omniauth_callbacks_controller.rb:4:in `github'


  Rendered /Users/jacksonbroshear/.rvm/gems/ruby-1.9.3-p327@peer/gems/actionpack-3.2.12/lib/action_dispatch/middleware/templates/rescues/_trace.erb (1.0ms)
  Rendered /Users/jacksonbroshear/.rvm/gems/ruby-1.9.3-p327@peer/gems/actionpack-3.2.12/lib/action_dispatch/middleware/templates/rescues/_request_and_response.erb (0.7ms)
  Rendered /Users/jacksonbroshear/.rvm/gems/ruby-1.9.3-p327@peer/gems/actionpack-3.2.12/lib/action_dispatch/middleware/templates/rescues/diagnostics.erb within rescues/layout (6.5ms)
Connecting to database specified by database.yml
Connecting to database specified by database.yml


Started GET "/users/sign_up" for 127.0.0.1 at 2013-03-02 17:18:37 -0800
Processing by Devise::RegistrationsController#new as HTML
  Rendered /Users/jacksonbroshear/.rvm/gems/ruby-1.9.3-p327@peer/gems/devise-2.2.3/app/views/devise/shared/_links.erb (1.7ms)
  Rendered /Users/jacksonbroshear/.rvm/gems/ruby-1.9.3-p327@peer/gems/devise-2.2.3/app/views/devise/registrations/new.html.erb within layouts/application (15.4ms)
Completed 200 OK in 89ms (Views: 33.8ms | ActiveRecord: 8.1ms)


Started GET "/assets/application.css?body=1" for 127.0.0.1 at 2013-03-02 17:18:37 -0800
Served asset /application.css - 304 Not Modified (4ms)


Started GET "/assets/jquery_ujs.js?body=1" for 127.0.0.1 at 2013-03-02 17:18:37 -0800
Served asset /jquery_ujs.js - 304 Not Modified (2ms)


Started GET "/assets/application.js?body=1" for 127.0.0.1 at 2013-03-02 17:18:37 -0800
Served asset /application.js - 304 Not Modified (5ms)


Started GET "/assets/jquery.js?body=1" for 127.0.0.1 at 2013-03-02 17:18:37 -0800
Served asset /jquery.js - 304 Not Modified (3ms)


Started GET "/users/sign_up" for 127.0.0.1 at 2013-03-02 17:23:56 -0800
Processing by Devise::RegistrationsController#new as HTML
  Rendered /Users/jacksonbroshear/.rvm/gems/ruby-1.9.3-p327@peer/gems/devise-2.2.3/app/views/devise/shared/_links.erb (0.6ms)
  Rendered /Users/jacksonbroshear/.rvm/gems/ruby-1.9.3-p327@peer/gems/devise-2.2.3/app/views/devise/registrations/new.html.erb within layouts/application (3.3ms)
Completed 200 OK in 49ms (Views: 6.8ms | ActiveRecord: 5.3ms)


Started GET "/assets/jquery.js?body=1" for 127.0.0.1 at 2013-03-02 17:23:56 -0800
Served asset /jquery.js - 304 Not Modified (0ms)


Started GET "/assets/jquery_ujs.js?body=1" for 127.0.0.1 at 2013-03-02 17:23:56 -0800
Served asset /jquery_ujs.js - 304 Not Modified (0ms)


Started GET "/assets/application.js?body=1" for 127.0.0.1 at 2013-03-02 17:23:56 -0800
Served asset /application.js - 304 Not Modified (0ms)


Started GET "/assets/application.css?body=1" for 127.0.0.1 at 2013-03-02 17:23:56 -0800
Served asset /application.css - 304 Not Modified (0ms)


Started GET "/assets/application.js?body=1" for 127.0.0.1 at 2013-03-02 17:23:56 -0800
Served asset /application.js - 304 Not Modified (0ms)


Started GET "/users/auth/github" for 127.0.0.1 at 2013-03-02 17:23:58 -0800


Started GET "/users/auth/github/callback?code=5a078c17f5a894660e7b&state=ec11876d76b5cb28c0cc7619e1ba0b35382b79a9f40a3f0c" for 127.0.0.1 at 2013-03-02 17:23:58 -0800
Processing by Users::OmniauthCallbacksController#github as HTML
  Parameters: {"code"=>"5a078c17f5a894660e7b", "state"=>"ec11876d76b5cb28c0cc7619e1ba0b35382b79a9f40a3f0c"}
  [1m[36mUser Load (1.0ms)[0m  [1mSELECT "users".* FROM "users" WHERE "users"."provider" = 'github' AND "users"."uid" = '164181' LIMIT 1[0m
  [1m[35m (0.2ms)[0m  BEGIN
  [1m[36mUser Exists (0.4ms)[0m  [1mSELECT 1 AS one FROM "users" WHERE "users"."email" = 'jb@elctech.com' LIMIT 1[0m
  [1m[35mSQL (4.5ms)[0m  INSERT INTO "users" ("created_at", "current_sign_in_at", "current_sign_in_ip", "email", "encrypted_password", "last_sign_in_at", "last_sign_in_ip", "provider", "remember_created_at", "reset_password_sent_at", "reset_password_token", "sign_in_count", "uid", "updated_at") VALUES ($1, $2, $3, $4, $5, $6, $7, $8, $9, $10, $11, $12, $13, $14) RETURNING "id"  [["created_at", Sun, 03 Mar 2013 01:24:00 UTC +00:00], ["current_sign_in_at", nil], ["current_sign_in_ip", nil], ["email", "jb@elctech.com"], ["encrypted_password", "$2a$10$WHaCHbutk1kLFIpw0uSeLu0nVi680/dTdyGZaBhlkrbzIwPjs7LKO"], ["last_sign_in_at", nil], ["last_sign_in_ip", nil], ["provider", "github"], ["remember_created_at", nil], ["reset_password_sent_at", nil], ["reset_password_token", nil], ["sign_in_count", 0], ["uid", "164181"], ["updated_at", Sun, 03 Mar 2013 01:24:00 UTC +00:00]]
  [1m[36m (0.4ms)[0m  [1mCOMMIT[0m
  [1m[35m (0.1ms)[0m  BEGIN
  [1m[36m (0.7ms)[0m  [1mUPDATE "users" SET "last_sign_in_at" = '2013-03-03 01:24:00.607981', "current_sign_in_at" = '2013-03-03 01:24:00.607981', "last_sign_in_ip" = '127.0.0.1', "current_sign_in_ip" = '127.0.0.1', "sign_in_count" = 1, "updated_at" = '2013-03-03 01:24:00.608790' WHERE "users"."id" = 1[0m
  [1m[35m (0.3ms)[0m  COMMIT
Redirected to http://127.0.0.1:3000/
Completed 302 Found in 113ms (ActiveRecord: 7.8ms)


Started GET "/assets/rails.png" for 127.0.0.1 at 2013-03-02 17:24:00 -0800
Served asset /rails.png - 304 Not Modified (1ms)
Connecting to database specified by database.yml
Connecting to database specified by database.yml


Started GET "/users/sign_in" for 127.0.0.1 at 2013-03-02 17:39:07 -0800
Processing by Devise::SessionsController#new as HTML
  [1m[36mUser Load (1.5ms)[0m  [1mSELECT "users".* FROM "users" WHERE "users"."id" = 1 LIMIT 1[0m
Redirected to http://127.0.0.1:3000/
Filter chain halted as :require_no_authentication rendered or redirected
Completed 302 Found in 154ms (ActiveRecord: 17.1ms)


Started GET "/assets/rails.png" for 127.0.0.1 at 2013-03-02 17:39:08 -0800
Served asset /rails.png - 304 Not Modified (3ms)


Started GET "/sign_out" for 127.0.0.1 at 2013-03-02 17:39:19 -0800

ActionController::RoutingError (No route matches [GET] "/sign_out"):
  actionpack (3.2.12) lib/action_dispatch/middleware/debug_exceptions.rb:21:in `call'
  actionpack (3.2.12) lib/action_dispatch/middleware/show_exceptions.rb:56:in `call'
  railties (3.2.12) lib/rails/rack/logger.rb:32:in `call_app'
  railties (3.2.12) lib/rails/rack/logger.rb:16:in `block in call'
  activesupport (3.2.12) lib/active_support/tagged_logging.rb:22:in `tagged'
  railties (3.2.12) lib/rails/rack/logger.rb:16:in `call'
  actionpack (3.2.12) lib/action_dispatch/middleware/request_id.rb:22:in `call'
  rack (1.4.5) lib/rack/methodoverride.rb:21:in `call'
  rack (1.4.5) lib/rack/runtime.rb:17:in `call'
  activesupport (3.2.12) lib/active_support/cache/strategy/local_cache.rb:72:in `call'
  rack (1.4.5) lib/rack/lock.rb:15:in `call'
  actionpack (3.2.12) lib/action_dispatch/middleware/static.rb:62:in `call'
  railties (3.2.12) lib/rails/engine.rb:479:in `call'
  railties (3.2.12) lib/rails/application.rb:223:in `call'
  rack (1.4.5) lib/rack/content_length.rb:14:in `call'
  railties (3.2.12) lib/rails/rack/log_tailer.rb:17:in `call'
  rack (1.4.5) lib/rack/handler/webrick.rb:59:in `service'
  /Users/jacksonbroshear/.rvm/rubies/ruby-1.9.3-p327/lib/ruby/1.9.1/webrick/httpserver.rb:138:in `service'
  /Users/jacksonbroshear/.rvm/rubies/ruby-1.9.3-p327/lib/ruby/1.9.1/webrick/httpserver.rb:94:in `run'
  /Users/jacksonbroshear/.rvm/rubies/ruby-1.9.3-p327/lib/ruby/1.9.1/webrick/server.rb:191:in `block in start_thread'


  Rendered /Users/jacksonbroshear/.rvm/gems/ruby-1.9.3-p327@peer/gems/actionpack-3.2.12/lib/action_dispatch/middleware/templates/rescues/routing_error.erb within rescues/layout (6.0ms)


Started GET "/users" for 127.0.0.1 at 2013-03-02 17:39:32 -0800

ActionController::RoutingError (No route matches [GET] "/users"):
  actionpack (3.2.12) lib/action_dispatch/middleware/debug_exceptions.rb:21:in `call'
  actionpack (3.2.12) lib/action_dispatch/middleware/show_exceptions.rb:56:in `call'
  railties (3.2.12) lib/rails/rack/logger.rb:32:in `call_app'
  railties (3.2.12) lib/rails/rack/logger.rb:16:in `block in call'
  activesupport (3.2.12) lib/active_support/tagged_logging.rb:22:in `tagged'
  railties (3.2.12) lib/rails/rack/logger.rb:16:in `call'
  actionpack (3.2.12) lib/action_dispatch/middleware/request_id.rb:22:in `call'
  rack (1.4.5) lib/rack/methodoverride.rb:21:in `call'
  rack (1.4.5) lib/rack/runtime.rb:17:in `call'
  activesupport (3.2.12) lib/active_support/cache/strategy/local_cache.rb:72:in `call'
  rack (1.4.5) lib/rack/lock.rb:15:in `call'
  actionpack (3.2.12) lib/action_dispatch/middleware/static.rb:62:in `call'
  railties (3.2.12) lib/rails/engine.rb:479:in `call'
  railties (3.2.12) lib/rails/application.rb:223:in `call'
  rack (1.4.5) lib/rack/content_length.rb:14:in `call'
  railties (3.2.12) lib/rails/rack/log_tailer.rb:17:in `call'
  rack (1.4.5) lib/rack/handler/webrick.rb:59:in `service'
  /Users/jacksonbroshear/.rvm/rubies/ruby-1.9.3-p327/lib/ruby/1.9.1/webrick/httpserver.rb:138:in `service'
  /Users/jacksonbroshear/.rvm/rubies/ruby-1.9.3-p327/lib/ruby/1.9.1/webrick/httpserver.rb:94:in `run'
  /Users/jacksonbroshear/.rvm/rubies/ruby-1.9.3-p327/lib/ruby/1.9.1/webrick/server.rb:191:in `block in start_thread'


  Rendered /Users/jacksonbroshear/.rvm/gems/ruby-1.9.3-p327@peer/gems/actionpack-3.2.12/lib/action_dispatch/middleware/templates/rescues/routing_error.erb within rescues/layout (1.2ms)
Connecting to database specified by database.yml
Connecting to database specified by database.yml


Started GET "/users/sign_out" for 127.0.0.1 at 2013-03-02 18:26:21 -0800

ActionController::RoutingError (No route matches [GET] "/users/sign_out"):
  actionpack (3.2.12) lib/action_dispatch/middleware/debug_exceptions.rb:21:in `call'
  actionpack (3.2.12) lib/action_dispatch/middleware/show_exceptions.rb:56:in `call'
  railties (3.2.12) lib/rails/rack/logger.rb:32:in `call_app'
  railties (3.2.12) lib/rails/rack/logger.rb:16:in `block in call'
  activesupport (3.2.12) lib/active_support/tagged_logging.rb:22:in `tagged'
  railties (3.2.12) lib/rails/rack/logger.rb:16:in `call'
  actionpack (3.2.12) lib/action_dispatch/middleware/request_id.rb:22:in `call'
  rack (1.4.5) lib/rack/methodoverride.rb:21:in `call'
  rack (1.4.5) lib/rack/runtime.rb:17:in `call'
  activesupport (3.2.12) lib/active_support/cache/strategy/local_cache.rb:72:in `call'
  rack (1.4.5) lib/rack/lock.rb:15:in `call'
  actionpack (3.2.12) lib/action_dispatch/middleware/static.rb:62:in `call'
  railties (3.2.12) lib/rails/engine.rb:479:in `call'
  railties (3.2.12) lib/rails/application.rb:223:in `call'
  rack (1.4.5) lib/rack/content_length.rb:14:in `call'
  railties (3.2.12) lib/rails/rack/log_tailer.rb:17:in `call'
  rack (1.4.5) lib/rack/handler/webrick.rb:59:in `service'
  /Users/jacksonbroshear/.rvm/rubies/ruby-1.9.3-p327/lib/ruby/1.9.1/webrick/httpserver.rb:138:in `service'
  /Users/jacksonbroshear/.rvm/rubies/ruby-1.9.3-p327/lib/ruby/1.9.1/webrick/httpserver.rb:94:in `run'
  /Users/jacksonbroshear/.rvm/rubies/ruby-1.9.3-p327/lib/ruby/1.9.1/webrick/server.rb:191:in `block in start_thread'


  Rendered /Users/jacksonbroshear/.rvm/gems/ruby-1.9.3-p327@peer/gems/actionpack-3.2.12/lib/action_dispatch/middleware/templates/rescues/routing_error.erb within rescues/layout (3.5ms)
Connecting to database specified by database.yml


Started GET "/users/sign_in" for 127.0.0.1 at 2013-03-03 13:34:48 -0800
Processing by Devise::SessionsController#new as HTML
  [1m[36mUser Load (0.7ms)[0m  [1mSELECT "users".* FROM "users" WHERE "users"."id" = 1 LIMIT 1[0m
Redirected to http://127.0.0.1:3000/
Filter chain halted as :require_no_authentication rendered or redirected
Completed 302 Found in 141ms (ActiveRecord: 34.1ms)


Started GET "/assets/rails.png" for 127.0.0.1 at 2013-03-03 13:34:49 -0800
Served asset /rails.png - 304 Not Modified (5ms)


Started GET "/users/sign_up" for 127.0.0.1 at 2013-03-03 13:34:55 -0800
Processing by Devise::RegistrationsController#new as HTML
  [1m[35mUser Load (0.4ms)[0m  SELECT "users".* FROM "users" WHERE "users"."id" = 1 LIMIT 1
Redirected to http://127.0.0.1:3000/
Filter chain halted as :require_no_authentication rendered or redirected
Completed 302 Found in 3ms (ActiveRecord: 0.4ms)


Started GET "/assets/rails.png" for 127.0.0.1 at 2013-03-03 13:34:55 -0800
Served asset /rails.png - 304 Not Modified (0ms)


Started GET "/assets/rails.png" for 127.0.0.1 at 2013-03-03 13:35:06 -0800
Served asset /rails.png - 304 Not Modified (0ms)
Connecting to database specified by database.yml


Started GET "/assets/rails.png" for 127.0.0.1 at 2013-03-03 13:39:05 -0800
Served asset /rails.png - 304 Not Modified (0ms)


Started GET "/assets/rails.png" for 127.0.0.1 at 2013-03-03 13:39:07 -0800
Served asset /rails.png - 304 Not Modified (0ms)


Started GET "/assets/rails.png" for 127.0.0.1 at 2013-03-03 13:39:08 -0800
Served asset /rails.png - 304 Not Modified (0ms)
Connecting to database specified by database.yml


Started GET "/assets/rails.png" for 127.0.0.1 at 2013-03-03 13:39:20 -0800
Served asset /rails.png - 304 Not Modified (1ms)


Started GET "/assets/rails.png" for 127.0.0.1 at 2013-03-03 13:39:22 -0800
Served asset /rails.png - 304 Not Modified (0ms)


Started GET "/assets/rails.png" for 127.0.0.1 at 2013-03-03 13:39:23 -0800
Served asset /rails.png - 304 Not Modified (0ms)


Started GET "/users" for 127.0.0.1 at 2013-03-03 13:40:25 -0800

ActionController::RoutingError (No route matches [GET] "/users"):
  actionpack (3.2.12) lib/action_dispatch/middleware/debug_exceptions.rb:21:in `call'
  actionpack (3.2.12) lib/action_dispatch/middleware/show_exceptions.rb:56:in `call'
  railties (3.2.12) lib/rails/rack/logger.rb:32:in `call_app'
  railties (3.2.12) lib/rails/rack/logger.rb:16:in `block in call'
  activesupport (3.2.12) lib/active_support/tagged_logging.rb:22:in `tagged'
  railties (3.2.12) lib/rails/rack/logger.rb:16:in `call'
  actionpack (3.2.12) lib/action_dispatch/middleware/request_id.rb:22:in `call'
  rack (1.4.5) lib/rack/methodoverride.rb:21:in `call'
  rack (1.4.5) lib/rack/runtime.rb:17:in `call'
  activesupport (3.2.12) lib/active_support/cache/strategy/local_cache.rb:72:in `call'
  rack (1.4.5) lib/rack/lock.rb:15:in `call'
  actionpack (3.2.12) lib/action_dispatch/middleware/static.rb:62:in `call'
  railties (3.2.12) lib/rails/engine.rb:479:in `call'
  railties (3.2.12) lib/rails/application.rb:223:in `call'
  rack (1.4.5) lib/rack/content_length.rb:14:in `call'
  railties (3.2.12) lib/rails/rack/log_tailer.rb:17:in `call'
  rack (1.4.5) lib/rack/handler/webrick.rb:59:in `service'
  /Users/jacksonbroshear/.rvm/rubies/ruby-1.9.3-p327/lib/ruby/1.9.1/webrick/httpserver.rb:138:in `service'
  /Users/jacksonbroshear/.rvm/rubies/ruby-1.9.3-p327/lib/ruby/1.9.1/webrick/httpserver.rb:94:in `run'
  /Users/jacksonbroshear/.rvm/rubies/ruby-1.9.3-p327/lib/ruby/1.9.1/webrick/server.rb:191:in `block in start_thread'


  Rendered /Users/jacksonbroshear/.rvm/gems/ruby-1.9.3-p327@peer/gems/actionpack-3.2.12/lib/action_dispatch/middleware/templates/rescues/routing_error.erb within rescues/layout (4.3ms)


Started GET "/assets/rails.png" for 127.0.0.1 at 2013-03-03 13:47:41 -0800
Served asset /rails.png - 304 Not Modified (0ms)


Started GET "/" for 127.0.0.1 at 2013-03-03 13:49:07 -0800

ActionController::RoutingError (uninitialized constant WelcomeController):
  activesupport (3.2.12) lib/active_support/inflector/methods.rb:230:in `block in constantize'
  activesupport (3.2.12) lib/active_support/inflector/methods.rb:229:in `each'
  activesupport (3.2.12) lib/active_support/inflector/methods.rb:229:in `constantize'
  actionpack (3.2.12) lib/action_dispatch/routing/route_set.rb:69:in `controller_reference'
  actionpack (3.2.12) lib/action_dispatch/routing/route_set.rb:54:in `controller'
  actionpack (3.2.12) lib/action_dispatch/routing/route_set.rb:32:in `call'
  journey (1.0.4) lib/journey/router.rb:68:in `block in call'
  journey (1.0.4) lib/journey/router.rb:56:in `each'
  journey (1.0.4) lib/journey/router.rb:56:in `call'
  actionpack (3.2.12) lib/action_dispatch/routing/route_set.rb:601:in `call'
  omniauth (1.1.3) lib/omniauth/strategy.rb:177:in `call!'
  omniauth (1.1.3) lib/omniauth/strategy.rb:157:in `call'
  warden (1.2.1) lib/warden/manager.rb:35:in `block in call'
  warden (1.2.1) lib/warden/manager.rb:34:in `catch'
  warden (1.2.1) lib/warden/manager.rb:34:in `call'
  actionpack (3.2.12) lib/action_dispatch/middleware/best_standards_support.rb:17:in `call'
  rack (1.4.5) lib/rack/etag.rb:23:in `call'
  rack (1.4.5) lib/rack/conditionalget.rb:25:in `call'
  actionpack (3.2.12) lib/action_dispatch/middleware/head.rb:14:in `call'
  actionpack (3.2.12) lib/action_dispatch/middleware/params_parser.rb:21:in `call'
  actionpack (3.2.12) lib/action_dispatch/middleware/flash.rb:242:in `call'
  rack (1.4.5) lib/rack/session/abstract/id.rb:210:in `context'
  rack (1.4.5) lib/rack/session/abstract/id.rb:205:in `call'
  actionpack (3.2.12) lib/action_dispatch/middleware/cookies.rb:341:in `call'
  activerecord (3.2.12) lib/active_record/query_cache.rb:64:in `call'
  activerecord (3.2.12) lib/active_record/connection_adapters/abstract/connection_pool.rb:479:in `call'
  actionpack (3.2.12) lib/action_dispatch/middleware/callbacks.rb:28:in `block in call'
  activesupport (3.2.12) lib/active_support/callbacks.rb:405:in `_run__1323853898369187155__call__1965162577173932956__callbacks'
  activesupport (3.2.12) lib/active_support/callbacks.rb:405:in `__run_callback'
  activesupport (3.2.12) lib/active_support/callbacks.rb:385:in `_run_call_callbacks'
  activesupport (3.2.12) lib/active_support/callbacks.rb:81:in `run_callbacks'
  actionpack (3.2.12) lib/action_dispatch/middleware/callbacks.rb:27:in `call'
  actionpack (3.2.12) lib/action_dispatch/middleware/reloader.rb:65:in `call'
  actionpack (3.2.12) lib/action_dispatch/middleware/remote_ip.rb:31:in `call'
  actionpack (3.2.12) lib/action_dispatch/middleware/debug_exceptions.rb:16:in `call'
  actionpack (3.2.12) lib/action_dispatch/middleware/show_exceptions.rb:56:in `call'
  railties (3.2.12) lib/rails/rack/logger.rb:32:in `call_app'
  railties (3.2.12) lib/rails/rack/logger.rb:16:in `block in call'
  activesupport (3.2.12) lib/active_support/tagged_logging.rb:22:in `tagged'
  railties (3.2.12) lib/rails/rack/logger.rb:16:in `call'
  actionpack (3.2.12) lib/action_dispatch/middleware/request_id.rb:22:in `call'
  rack (1.4.5) lib/rack/methodoverride.rb:21:in `call'
  rack (1.4.5) lib/rack/runtime.rb:17:in `call'
  activesupport (3.2.12) lib/active_support/cache/strategy/local_cache.rb:72:in `call'
  rack (1.4.5) lib/rack/lock.rb:15:in `call'
  actionpack (3.2.12) lib/action_dispatch/middleware/static.rb:62:in `call'
  railties (3.2.12) lib/rails/engine.rb:479:in `call'
  railties (3.2.12) lib/rails/application.rb:223:in `call'
  rack (1.4.5) lib/rack/content_length.rb:14:in `call'
  railties (3.2.12) lib/rails/rack/log_tailer.rb:17:in `call'
  rack (1.4.5) lib/rack/handler/webrick.rb:59:in `service'
  /Users/jacksonbroshear/.rvm/rubies/ruby-1.9.3-p327/lib/ruby/1.9.1/webrick/httpserver.rb:138:in `service'
  /Users/jacksonbroshear/.rvm/rubies/ruby-1.9.3-p327/lib/ruby/1.9.1/webrick/httpserver.rb:94:in `run'
  /Users/jacksonbroshear/.rvm/rubies/ruby-1.9.3-p327/lib/ruby/1.9.1/webrick/server.rb:191:in `block in start_thread'


  Rendered /Users/jacksonbroshear/.rvm/gems/ruby-1.9.3-p327@peer/gems/actionpack-3.2.12/lib/action_dispatch/middleware/templates/rescues/routing_error.erb within rescues/layout (0.5ms)
Connecting to database specified by database.yml
Connecting to database specified by database.yml


Started GET "/" for 127.0.0.1 at 2013-03-03 13:53:20 -0800
Processing by HomeController#index as HTML
  Rendered home/index.html.erb within layouts/application (2.8ms)
Compiled home.css  (13ms)  (pid 72302)
Compiled application.css  (41ms)  (pid 72302)
Compiled home.js  (75ms)  (pid 72302)
Compiled application.js  (87ms)  (pid 72302)
Completed 200 OK in 225ms (Views: 224.2ms | ActiveRecord: 0.0ms)


Started GET "/assets/application.css?body=1" for 127.0.0.1 at 2013-03-03 13:53:21 -0800
Served asset /application.css - 304 Not Modified (3ms)


Started GET "/assets/home.js?body=1" for 127.0.0.1 at 2013-03-03 13:53:21 -0800
Served asset /home.js - 200 OK (3ms)


Started GET "/assets/home.css?body=1" for 127.0.0.1 at 2013-03-03 13:53:21 -0800
Served asset /home.css - 200 OK (1ms)


Started GET "/assets/jquery_ujs.js?body=1" for 127.0.0.1 at 2013-03-03 13:53:21 -0800
Served asset /jquery_ujs.js - 304 Not Modified (1ms)


Started GET "/assets/jquery.js?body=1" for 127.0.0.1 at 2013-03-03 13:53:21 -0800
Served asset /jquery.js - 304 Not Modified (3ms)


Started GET "/assets/application.js?body=1" for 127.0.0.1 at 2013-03-03 13:53:21 -0800
Served asset /application.js - 304 Not Modified (10ms)


Started GET "/" for 127.0.0.1 at 2013-03-03 13:53:46 -0800
Processing by HomeController#index as HTML
  Rendered home/index.html.erb within layouts/application (0.1ms)
Completed 200 OK in 7ms (Views: 6.2ms | ActiveRecord: 0.0ms)


Started GET "/assets/home.css?body=1" for 127.0.0.1 at 2013-03-03 13:53:46 -0800
Served asset /home.css - 304 Not Modified (0ms)


Started GET "/assets/jquery_ujs.js?body=1" for 127.0.0.1 at 2013-03-03 13:53:46 -0800
Served asset /jquery_ujs.js - 304 Not Modified (0ms)


Started GET "/assets/jquery.js?body=1" for 127.0.0.1 at 2013-03-03 13:53:46 -0800
Served asset /jquery.js - 304 Not Modified (0ms)


Started GET "/assets/home.js?body=1" for 127.0.0.1 at 2013-03-03 13:53:46 -0800
Served asset /home.js - 304 Not Modified (0ms)


Started GET "/assets/application.css?body=1" for 127.0.0.1 at 2013-03-03 13:53:46 -0800
Served asset /application.css - 304 Not Modified (0ms)


Started GET "/assets/application.js?body=1" for 127.0.0.1 at 2013-03-03 13:53:46 -0800
Served asset /application.js - 304 Not Modified (0ms)


Started GET "/" for 127.0.0.1 at 2013-03-03 13:54:47 -0800
Processing by HomeController#index as HTML
  Rendered home/index.html.erb within layouts/application (0.0ms)
  [1m[36mUser Load (1.8ms)[0m  [1mSELECT "users".* FROM "users" WHERE "users"."id" = 1 LIMIT 1[0m
Completed 200 OK in 81ms (Views: 70.2ms | ActiveRecord: 10.5ms)


Started GET "/assets/application.css?body=1" for 127.0.0.1 at 2013-03-03 13:54:47 -0800
Served asset /application.css - 304 Not Modified (0ms)


Started GET "/assets/jquery.js?body=1" for 127.0.0.1 at 2013-03-03 13:54:47 -0800
Served asset /jquery.js - 304 Not Modified (0ms)


Started GET "/assets/jquery_ujs.js?body=1" for 127.0.0.1 at 2013-03-03 13:54:47 -0800
Served asset /jquery_ujs.js - 304 Not Modified (0ms)


Started GET "/assets/home.css?body=1" for 127.0.0.1 at 2013-03-03 13:54:47 -0800
Served asset /home.css - 304 Not Modified (0ms)


Started GET "/assets/application.js?body=1" for 127.0.0.1 at 2013-03-03 13:54:47 -0800
Served asset /application.js - 304 Not Modified (0ms)


Started GET "/assets/home.js?body=1" for 127.0.0.1 at 2013-03-03 13:54:47 -0800
Served asset /home.js - 304 Not Modified (0ms)


Started GET "/" for 127.0.0.1 at 2013-03-03 13:55:44 -0800
Processing by HomeController#index as HTML
  Rendered home/index.html.erb within layouts/application (0.1ms)
  [1m[35mUser Load (0.5ms)[0m  SELECT "users".* FROM "users" WHERE "users"."id" = 1 LIMIT 1
Completed 200 OK in 8ms (Views: 7.6ms | ActiveRecord: 0.5ms)


Started GET "/assets/application.css?body=1" for 127.0.0.1 at 2013-03-03 13:55:44 -0800
Served asset /application.css - 304 Not Modified (0ms)


Started GET "/assets/jquery.js?body=1" for 127.0.0.1 at 2013-03-03 13:55:44 -0800
Served asset /jquery.js - 304 Not Modified (0ms)


Started GET "/assets/application.js?body=1" for 127.0.0.1 at 2013-03-03 13:55:44 -0800
Served asset /application.js - 304 Not Modified (0ms)


Started GET "/assets/home.js?body=1" for 127.0.0.1 at 2013-03-03 13:55:44 -0800
Served asset /home.js - 304 Not Modified (0ms)


Started GET "/assets/jquery_ujs.js?body=1" for 127.0.0.1 at 2013-03-03 13:55:44 -0800
Served asset /jquery_ujs.js - 304 Not Modified (0ms)


Started GET "/assets/home.css?body=1" for 127.0.0.1 at 2013-03-03 13:55:44 -0800
Served asset /home.css - 304 Not Modified (0ms)


Started GET "/users/sign_out" for 127.0.0.1 at 2013-03-03 13:55:46 -0800

ActionController::RoutingError (No route matches [GET] "/users/sign_out"):
  actionpack (3.2.12) lib/action_dispatch/middleware/debug_exceptions.rb:21:in `call'
  actionpack (3.2.12) lib/action_dispatch/middleware/show_exceptions.rb:56:in `call'
  railties (3.2.12) lib/rails/rack/logger.rb:32:in `call_app'
  railties (3.2.12) lib/rails/rack/logger.rb:16:in `block in call'
  activesupport (3.2.12) lib/active_support/tagged_logging.rb:22:in `tagged'
  railties (3.2.12) lib/rails/rack/logger.rb:16:in `call'
  actionpack (3.2.12) lib/action_dispatch/middleware/request_id.rb:22:in `call'
  rack (1.4.5) lib/rack/methodoverride.rb:21:in `call'
  rack (1.4.5) lib/rack/runtime.rb:17:in `call'
  activesupport (3.2.12) lib/active_support/cache/strategy/local_cache.rb:72:in `call'
  rack (1.4.5) lib/rack/lock.rb:15:in `call'
  actionpack (3.2.12) lib/action_dispatch/middleware/static.rb:62:in `call'
  railties (3.2.12) lib/rails/engine.rb:479:in `call'
  railties (3.2.12) lib/rails/application.rb:223:in `call'
  rack (1.4.5) lib/rack/content_length.rb:14:in `call'
  railties (3.2.12) lib/rails/rack/log_tailer.rb:17:in `call'
  rack (1.4.5) lib/rack/handler/webrick.rb:59:in `service'
  /Users/jacksonbroshear/.rvm/rubies/ruby-1.9.3-p327/lib/ruby/1.9.1/webrick/httpserver.rb:138:in `service'
  /Users/jacksonbroshear/.rvm/rubies/ruby-1.9.3-p327/lib/ruby/1.9.1/webrick/httpserver.rb:94:in `run'
  /Users/jacksonbroshear/.rvm/rubies/ruby-1.9.3-p327/lib/ruby/1.9.1/webrick/server.rb:191:in `block in start_thread'


  Rendered /Users/jacksonbroshear/.rvm/gems/ruby-1.9.3-p327@peer/gems/actionpack-3.2.12/lib/action_dispatch/middleware/templates/rescues/routing_error.erb within rescues/layout (0.8ms)


Started GET "/users/sign_out" for 127.0.0.1 at 2013-03-03 13:56:26 -0800

ActionController::RoutingError (No route matches [GET] "/users/sign_out"):
  actionpack (3.2.12) lib/action_dispatch/middleware/debug_exceptions.rb:21:in `call'
  actionpack (3.2.12) lib/action_dispatch/middleware/show_exceptions.rb:56:in `call'
  railties (3.2.12) lib/rails/rack/logger.rb:32:in `call_app'
  railties (3.2.12) lib/rails/rack/logger.rb:16:in `block in call'
  activesupport (3.2.12) lib/active_support/tagged_logging.rb:22:in `tagged'
  railties (3.2.12) lib/rails/rack/logger.rb:16:in `call'
  actionpack (3.2.12) lib/action_dispatch/middleware/request_id.rb:22:in `call'
  rack (1.4.5) lib/rack/methodoverride.rb:21:in `call'
  rack (1.4.5) lib/rack/runtime.rb:17:in `call'
  activesupport (3.2.12) lib/active_support/cache/strategy/local_cache.rb:72:in `call'
  rack (1.4.5) lib/rack/lock.rb:15:in `call'
  actionpack (3.2.12) lib/action_dispatch/middleware/static.rb:62:in `call'
  railties (3.2.12) lib/rails/engine.rb:479:in `call'
  railties (3.2.12) lib/rails/application.rb:223:in `call'
  rack (1.4.5) lib/rack/content_length.rb:14:in `call'
  railties (3.2.12) lib/rails/rack/log_tailer.rb:17:in `call'
  rack (1.4.5) lib/rack/handler/webrick.rb:59:in `service'
  /Users/jacksonbroshear/.rvm/rubies/ruby-1.9.3-p327/lib/ruby/1.9.1/webrick/httpserver.rb:138:in `service'
  /Users/jacksonbroshear/.rvm/rubies/ruby-1.9.3-p327/lib/ruby/1.9.1/webrick/httpserver.rb:94:in `run'
  /Users/jacksonbroshear/.rvm/rubies/ruby-1.9.3-p327/lib/ruby/1.9.1/webrick/server.rb:191:in `block in start_thread'


  Rendered /Users/jacksonbroshear/.rvm/gems/ruby-1.9.3-p327@peer/gems/actionpack-3.2.12/lib/action_dispatch/middleware/templates/rescues/routing_error.erb within rescues/layout (0.8ms)


Started GET "/" for 127.0.0.1 at 2013-03-03 13:56:29 -0800
Processing by HomeController#index as HTML
  Rendered home/index.html.erb within layouts/application (0.0ms)
  [1m[36mUser Load (0.4ms)[0m  [1mSELECT "users".* FROM "users" WHERE "users"."id" = 1 LIMIT 1[0m
Completed 200 OK in 8ms (Views: 6.9ms | ActiveRecord: 0.4ms)


Started GET "/assets/application.css?body=1" for 127.0.0.1 at 2013-03-03 13:56:29 -0800
Served asset /application.css - 304 Not Modified (0ms)


Started GET "/assets/home.css?body=1" for 127.0.0.1 at 2013-03-03 13:56:29 -0800
Served asset /home.css - 304 Not Modified (0ms)


Started GET "/assets/home.js?body=1" for 127.0.0.1 at 2013-03-03 13:56:29 -0800
Served asset /home.js - 304 Not Modified (0ms)


Started GET "/assets/jquery.js?body=1" for 127.0.0.1 at 2013-03-03 13:56:29 -0800
Served asset /jquery.js - 304 Not Modified (0ms)


Started GET "/assets/application.js?body=1" for 127.0.0.1 at 2013-03-03 13:56:29 -0800
Served asset /application.js - 304 Not Modified (0ms)


Started GET "/assets/jquery_ujs.js?body=1" for 127.0.0.1 at 2013-03-03 13:56:29 -0800
Served asset /jquery_ujs.js - 304 Not Modified (0ms)


Started GET "/users/sign_out" for 127.0.0.1 at 2013-03-03 13:56:32 -0800

ActionController::RoutingError (No route matches [GET] "/users/sign_out"):
  actionpack (3.2.12) lib/action_dispatch/middleware/debug_exceptions.rb:21:in `call'
  actionpack (3.2.12) lib/action_dispatch/middleware/show_exceptions.rb:56:in `call'
  railties (3.2.12) lib/rails/rack/logger.rb:32:in `call_app'
  railties (3.2.12) lib/rails/rack/logger.rb:16:in `block in call'
  activesupport (3.2.12) lib/active_support/tagged_logging.rb:22:in `tagged'
  railties (3.2.12) lib/rails/rack/logger.rb:16:in `call'
  actionpack (3.2.12) lib/action_dispatch/middleware/request_id.rb:22:in `call'
  rack (1.4.5) lib/rack/methodoverride.rb:21:in `call'
  rack (1.4.5) lib/rack/runtime.rb:17:in `call'
  activesupport (3.2.12) lib/active_support/cache/strategy/local_cache.rb:72:in `call'
  rack (1.4.5) lib/rack/lock.rb:15:in `call'
  actionpack (3.2.12) lib/action_dispatch/middleware/static.rb:62:in `call'
  railties (3.2.12) lib/rails/engine.rb:479:in `call'
  railties (3.2.12) lib/rails/application.rb:223:in `call'
  rack (1.4.5) lib/rack/content_length.rb:14:in `call'
  railties (3.2.12) lib/rails/rack/log_tailer.rb:17:in `call'
  rack (1.4.5) lib/rack/handler/webrick.rb:59:in `service'
  /Users/jacksonbroshear/.rvm/rubies/ruby-1.9.3-p327/lib/ruby/1.9.1/webrick/httpserver.rb:138:in `service'
  /Users/jacksonbroshear/.rvm/rubies/ruby-1.9.3-p327/lib/ruby/1.9.1/webrick/httpserver.rb:94:in `run'
  /Users/jacksonbroshear/.rvm/rubies/ruby-1.9.3-p327/lib/ruby/1.9.1/webrick/server.rb:191:in `block in start_thread'


  Rendered /Users/jacksonbroshear/.rvm/gems/ruby-1.9.3-p327@peer/gems/actionpack-3.2.12/lib/action_dispatch/middleware/templates/rescues/routing_error.erb within rescues/layout (0.5ms)


Started GET "/" for 127.0.0.1 at 2013-03-03 13:59:11 -0800
Processing by HomeController#index as HTML
  Rendered home/index.html.erb within layouts/application (0.0ms)
  [1m[35mUser Load (0.4ms)[0m  SELECT "users".* FROM "users" WHERE "users"."id" = 1 LIMIT 1
Completed 200 OK in 7ms (Views: 6.0ms | ActiveRecord: 0.4ms)


Started GET "/assets/application.css?body=1" for 127.0.0.1 at 2013-03-03 13:59:11 -0800
Served asset /application.css - 304 Not Modified (0ms)


Started GET "/assets/home.css?body=1" for 127.0.0.1 at 2013-03-03 13:59:11 -0800
Served asset /home.css - 304 Not Modified (0ms)


Started GET "/assets/home.js?body=1" for 127.0.0.1 at 2013-03-03 13:59:11 -0800
Served asset /home.js - 304 Not Modified (0ms)


Started GET "/assets/jquery_ujs.js?body=1" for 127.0.0.1 at 2013-03-03 13:59:11 -0800
Served asset /jquery_ujs.js - 304 Not Modified (0ms)


Started GET "/assets/application.js?body=1" for 127.0.0.1 at 2013-03-03 13:59:11 -0800
Served asset /application.js - 304 Not Modified (0ms)


Started DELETE "/users/sign_out" for 127.0.0.1 at 2013-03-03 13:59:13 -0800
Processing by Devise::SessionsController#destroy as HTML
  Parameters: {"authenticity_token"=>"QK20voAXTzioaY5t2Uo/bqLzLMRoX5wHgRyfzB9DMns="}
  [1m[36mUser Load (0.4ms)[0m  [1mSELECT "users".* FROM "users" WHERE "users"."id" = 1 LIMIT 1[0m
  [1m[35m (0.2ms)[0m  BEGIN
  [1m[36m (0.2ms)[0m  [1mCOMMIT[0m
Redirected to http://127.0.0.1:3000/
Completed 302 Found in 13ms (ActiveRecord: 0.8ms)


Started GET "/" for 127.0.0.1 at 2013-03-03 13:59:13 -0800
Processing by HomeController#index as HTML
  Rendered home/index.html.erb within layouts/application (0.1ms)
Completed 200 OK in 6ms (Views: 6.0ms | ActiveRecord: 0.0ms)


Started GET "/assets/jquery_ujs.js?body=1" for 127.0.0.1 at 2013-03-03 13:59:13 -0800
Served asset /jquery_ujs.js - 304 Not Modified (0ms)


Started GET "/assets/application.css?body=1" for 127.0.0.1 at 2013-03-03 13:59:13 -0800
Served asset /application.css - 304 Not Modified (0ms)


Started GET "/assets/home.css?body=1" for 127.0.0.1 at 2013-03-03 13:59:13 -0800
Served asset /home.css - 304 Not Modified (0ms)


Started GET "/assets/application.js?body=1" for 127.0.0.1 at 2013-03-03 13:59:13 -0800
Served asset /application.js - 304 Not Modified (0ms)


Started GET "/assets/home.js?body=1" for 127.0.0.1 at 2013-03-03 13:59:13 -0800
Served asset /home.js - 304 Not Modified (0ms)


Started GET "/assets/jquery.js?body=1" for 127.0.0.1 at 2013-03-03 13:59:13 -0800
Served asset /jquery.js - 304 Not Modified (0ms)


Started GET "/users/auth/github" for 127.0.0.1 at 2013-03-03 13:59:17 -0800


Started GET "/users/auth/github/callback?code=eb7f6ccb40cef73db643&state=6af30655afd02eb37185d20dc5464e53a03d8df9261ba406" for 127.0.0.1 at 2013-03-03 13:59:17 -0800
Processing by Users::OmniauthCallbacksController#github as HTML
  Parameters: {"code"=>"eb7f6ccb40cef73db643", "state"=>"6af30655afd02eb37185d20dc5464e53a03d8df9261ba406"}
  [1m[35mUser Load (2.1ms)[0m  SELECT "users".* FROM "users" WHERE "users"."provider" = 'github' AND "users"."uid" = '164181' LIMIT 1
  [1m[36m (0.1ms)[0m  [1mBEGIN[0m
  [1m[35m (1.3ms)[0m  UPDATE "users" SET "current_sign_in_at" = '2013-03-03 21:59:18.617660', "sign_in_count" = 2, "updated_at" = '2013-03-03 21:59:18.620677' WHERE "users"."id" = 1
  [1m[36m (1.2ms)[0m  [1mCOMMIT[0m
Redirected to http://127.0.0.1:3000/
Completed 302 Found in 11ms (ActiveRecord: 4.7ms)


Started GET "/" for 127.0.0.1 at 2013-03-03 13:59:18 -0800
Processing by HomeController#index as HTML
  Rendered home/index.html.erb within layouts/application (0.0ms)
  [1m[35mUser Load (0.5ms)[0m  SELECT "users".* FROM "users" WHERE "users"."id" = 1 LIMIT 1
Completed 200 OK in 5ms (Views: 4.4ms | ActiveRecord: 0.5ms)


Started GET "/assets/application.css?body=1" for 127.0.0.1 at 2013-03-03 13:59:18 -0800
Served asset /application.css - 304 Not Modified (0ms)


Started GET "/assets/home.css?body=1" for 127.0.0.1 at 2013-03-03 13:59:18 -0800
Served asset /home.css - 304 Not Modified (0ms)


Started GET "/assets/jquery_ujs.js?body=1" for 127.0.0.1 at 2013-03-03 13:59:18 -0800
Served asset /jquery_ujs.js - 304 Not Modified (0ms)


Started GET "/assets/home.js?body=1" for 127.0.0.1 at 2013-03-03 13:59:18 -0800
Served asset /home.js - 304 Not Modified (0ms)


Started GET "/assets/application.js?body=1" for 127.0.0.1 at 2013-03-03 13:59:18 -0800
Served asset /application.js - 304 Not Modified (0ms)


Started GET "/assets/jquery.js?body=1" for 127.0.0.1 at 2013-03-03 13:59:18 -0800
Served asset /jquery.js - 304 Not Modified (0ms)
